<?xml version="1.0" encoding="UTF-8"?>
<robot generator="Robot 7.2.2 (Python 3.11.8 on win32)" generated="2025-02-13T00:01:16.065000" rpa="false" schemaversion="5">
<suite id="s1" name="Registration Tests" source="C:\Users\shweta\PycharmProjects\AI__Automation_sample\tests\registration_tests.robot">
<test id="s1-t1" name="Successful Registration" line="14">
<kw name="Open Browser" owner="SeleniumLibrary">
<msg time="2025-02-13T00:01:33.120160" level="INFO">Opening browser 'Chrome' to base url 'https://practice.expandtesting.com/register'.</msg>
<arg>${URL}</arg>
<arg>${BROWSER}</arg>
<arg>options=add_argument("--ignore-certificate-errors")</arg>
<doc>Opens a new browser instance to the optional ``url``.</doc>
<status status="PASS" start="2025-02-13T00:01:33.116782" elapsed="37.450362"/>
</kw>
<kw name="Maximize Browser Window" owner="SeleniumLibrary">
<doc>Maximizes current browser window.</doc>
<status status="PASS" start="2025-02-13T00:02:10.580720" elapsed="0.270516"/>
</kw>
<kw name="Generate Xpath" owner="Utility">
<msg time="2025-02-13T00:02:50.342748" level="INFO">Generated Text: Generate a valid XPath for an HTML element that represents 'Username field'. The XPath should be precise and formatted correctly. Example: //input[@name='username'] //input[@email='email'] //input[@password
Extracted XPath: //input[@name='username']</msg>
<msg time="2025-02-13T00:02:50.343757" level="INFO">${username_xpath} = //input[@name='username']</msg>
<var>${username_xpath}</var>
<arg>Username field</arg>
<doc>Generate a valid XPath using GPT-2.</doc>
<status status="PASS" start="2025-02-13T00:02:10.962548" elapsed="39.381209"/>
</kw>
<kw name="Generate Xpath" owner="Utility">
<msg time="2025-02-13T00:02:52.245330" level="INFO">Generated Text: Generate a valid XPath for an HTML element that represents 'Password field'. The XPath should be precise and formatted correctly. Example: //input[@name='username'] //input[@password='password'] //input[@email='
Extracted XPath: //input[@name='username']</msg>
<msg time="2025-02-13T00:02:52.246332" level="INFO">${password_xpath} = //input[@name='username']</msg>
<var>${password_xpath}</var>
<arg>Password field</arg>
<doc>Generate a valid XPath using GPT-2.</doc>
<status status="PASS" start="2025-02-13T00:02:50.346789" elapsed="1.899543"/>
</kw>
<kw name="Input Text" owner="SeleniumLibrary">
<msg time="2025-02-13T00:02:52.321612" level="INFO">Typing text 'my_test_user' into text field 'xpath=//input[@name='username']'.</msg>
<arg>xpath=${username_xpath}</arg>
<arg>${VALID_USERNAME}</arg>
<doc>Types the given ``text`` into the text field identified by ``locator``.</doc>
<status status="PASS" start="2025-02-13T00:02:52.248835" elapsed="0.438256"/>
</kw>
<kw name="Input Text" owner="SeleniumLibrary">
<msg time="2025-02-13T00:02:52.690430" level="INFO">Typing text 'securepassword123' into text field 'xpath=//input[@name='username']'.</msg>
<arg>xpath=${password_xpath}</arg>
<arg>${VALID_PASSWORD}</arg>
<doc>Types the given ``text`` into the text field identified by ``locator``.</doc>
<status status="PASS" start="2025-02-13T00:02:52.688089" elapsed="0.300473"/>
</kw>
<kw name="Click Button" owner="SeleniumLibrary">
<msg time="2025-02-13T00:02:52.989707" level="INFO">Clicking button 'Register'.</msg>
<arg>Register</arg>
<doc>Clicks the button identified by ``locator``.</doc>
<status status="PASS" start="2025-02-13T00:02:52.989707" elapsed="12.532734"/>
</kw>
<kw name="Close Browser" owner="SeleniumLibrary">
<doc>Closes the current browser.</doc>
<status status="PASS" start="2025-02-13T00:03:05.533826" elapsed="3.432455"/>
</kw>
<status status="PASS" start="2025-02-13T00:01:33.110238" elapsed="95.857002"/>
</test>
<status status="PASS" start="2025-02-13T00:01:16.066991" elapsed="113.060886"/>
</suite>
<statistics>
<total>
<stat pass="1" fail="0" skip="0">All Tests</stat>
</total>
<tag>
</tag>
<suite>
<stat name="Registration Tests" id="s1" pass="1" fail="0" skip="0">Registration Tests</stat>
</suite>
</statistics>
<errors>
<msg time="2025-02-13T00:01:33.101461" level="WARN">Imported resource file 'C:\Users\shweta\PycharmProjects\AI__Automation_sample\resources\xpath.robot' is empty.</msg>
</errors>
</robot>
